[debug] [2023-09-26T14:03:46.272Z] ----------------------------------------------------------------------
[debug] [2023-09-26T14:03:46.273Z] Command:       C:\Program Files\nodejs\node.exe C:\Program Files\nodejs\node_modules\firebase-tools\lib\bin\firebase.js init
[debug] [2023-09-26T14:03:46.273Z] CLI Version:   12.5.4
[debug] [2023-09-26T14:03:46.274Z] Platform:      win32
[debug] [2023-09-26T14:03:46.274Z] Node Version:  v18.16.0
[debug] [2023-09-26T14:03:46.275Z] Time:          Tue Sep 26 2023 16:03:46 GMT+0200 (Central European Summer Time)
[debug] [2023-09-26T14:03:46.275Z] ----------------------------------------------------------------------
[debug] 
[debug] [2023-09-26T14:03:46.281Z] > command requires scopes: ["email","openid","https://www.googleapis.com/auth/cloudplatformprojects.readonly","https://www.googleapis.com/auth/firebase","https://www.googleapis.com/auth/cloud-platform"]
[debug] [2023-09-26T14:03:46.282Z] > authorizing via signed-in user (sumoctavian@gmail.com)
[info] 
     ######## #### ########  ######## ########     ###     ######  ########
     ##        ##  ##     ## ##       ##     ##  ##   ##  ##       ##
     ######    ##  ########  ######   ########  #########  ######  ######
     ##        ##  ##    ##  ##       ##     ## ##     ##       ## ##
     ##       #### ##     ## ######## ########  ##     ##  ######  ########

You're about to initialize a Firebase project in this directory:

  D:\SideProjects\svelte_calculon\calculon

[info] 
=== Project Setup
[info] 
[info] First, let's associate this project directory with a Firebase project.
[info] You can create multiple project aliases by running firebase use --add, 
[info] but for now we'll just set up a default project.
[info] 
[debug] [2023-09-26T14:06:13.518Z] >>> [apiv2][query] GET https://firebase.googleapis.com/v1beta1/projects pageSize=100
[debug] [2023-09-26T14:06:14.183Z] <<< [apiv2][status] GET https://firebase.googleapis.com/v1beta1/projects 200
[debug] [2023-09-26T14:06:14.183Z] <<< [apiv2][body] GET https://firebase.googleapis.com/v1beta1/projects [omitted]
[info] i  Using project calculon-325e2 (Calculon) 
[info] 
=== Hosting Setup
[info] 
[info] Your public directory is the folder (relative to your project directory) that
[info] will contain Hosting assets to be uploaded with firebase deploy. If you
[info] have a build process for your assets, use your build's output directory.
[info] 
[debug] [2023-09-26T14:06:34.043Z] >>> [apiv2][query] GET https://www.gstatic.com/firebasejs/releases.json [none]
[debug] [2023-09-26T14:06:34.498Z] <<< [apiv2][status] GET https://www.gstatic.com/firebasejs/releases.json 200
[debug] [2023-09-26T14:06:34.498Z] <<< [apiv2][body] GET https://www.gstatic.com/firebasejs/releases.json {"current":{"version":"10.4.0","browserURL":"https://www.gstatic.com/firebasejs/10.4.0/firebase.js","packageURL":"https://www.gstatic.com/firebasejs/10.4.0/firebase.tgz"},"live":{"version":"10.4","browserURL":"https://www.gstatic.com/firebasejs/live/10.4/firebase.js","packageURL":"https://www.gstatic.com/firebasejs/live/10.4/firebase.tgz"},"components":{"analytics":"https://www.gstatic.com/firebasejs/10.4.0/firebase-analytics.js","app":"https://www.gstatic.com/firebasejs/10.4.0/firebase-app.js","app-check":"https://www.gstatic.com/firebasejs/10.4.0/firebase-app-check.js","auth":"https://www.gstatic.com/firebasejs/10.4.0/firebase-auth.js","auth/cordova":"https://www.gstatic.com/firebasejs/10.4.0/firebase-auth/cordova.js","functions":"https://www.gstatic.com/firebasejs/10.4.0/firebase-functions.js","firestore":"https://www.gstatic.com/firebasejs/10.4.0/firebase-firestore.js","firestore/lite":"https://www.gstatic.com/firebasejs/10.4.0/firebase-firestore/lite.js","installations":"https://www.gstatic.com/firebasejs/10.4.0/firebase-installations.js","storage":"https://www.gstatic.com/firebasejs/10.4.0/firebase-storage.js","performance":"https://www.gstatic.com/firebasejs/10.4.0/firebase-performance.js","remote-config":"https://www.gstatic.com/firebasejs/10.4.0/firebase-remote-config.js","messaging":"https://www.gstatic.com/firebasejs/10.4.0/firebase-messaging.js","messaging/sw":"https://www.gstatic.com/firebasejs/10.4.0/firebase-messaging/sw.js","database":"https://www.gstatic.com/firebasejs/10.4.0/firebase-database.js","firestore.memory":"https://www.gstatic.com/firebasejs/10.4.0/firebase-firestore.memory.js"}}
[info] +  Wrote public/index.html 
[info] 
[info] i  Didn't detect a .git folder. Assuming D:\SideProjects\svelte_calculon\calculon is the project root. 
[info] i  Authorizing with GitHub to upload your service account to a GitHub repository's secrets store. 
[info] 
[info] Visit this URL on this device to log in:
[info] https://github.com/login/oauth/authorize?client_id=89cf50f02ac6aaed3484&state=532260439&redirect_uri=http%3A%2F%2Flocalhost%3A9005&scope=read%3Auser%20repo%20public_repo
[info] 
[info] Waiting for authentication...
[debug] [2023-09-26T14:06:46.857Z] >>> [apiv2][query] POST https://github.com/login/oauth/access_token [none]
[debug] [2023-09-26T14:06:46.858Z] >>> [apiv2][body] POST https://github.com/login/oauth/access_token [stream]
[debug] [2023-09-26T14:06:47.147Z] <<< [apiv2][status] POST https://github.com/login/oauth/access_token 200
[debug] [2023-09-26T14:06:47.147Z] <<< [apiv2][body] POST https://github.com/login/oauth/access_token {"access_token":"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","token_type":"bearer","scope":"read:user,repo"}
[debug] [2023-09-26T14:06:47.150Z] >>> [apiv2][query] GET https://api.github.com/user [none]
[debug] [2023-09-26T14:06:47.485Z] <<< [apiv2][status] GET https://api.github.com/user 200
[debug] [2023-09-26T14:06:47.485Z] <<< [apiv2][body] GET https://api.github.com/user {"login":"Eurelian","id":44678944,"node_id":"MDQ6VXNlcjQ0Njc4OTQ0","avatar_url":"https://avatars.githubusercontent.com/u/44678944?v=4","gravatar_id":"","url":"https://api.github.com/users/Eurelian","html_url":"https://github.com/Eurelian","followers_url":"https://api.github.com/users/Eurelian/followers","following_url":"https://api.github.com/users/Eurelian/following{/other_user}","gists_url":"https://api.github.com/users/Eurelian/gists{/gist_id}","starred_url":"https://api.github.com/users/Eurelian/starred{/owner}{/repo}","subscriptions_url":"https://api.github.com/users/Eurelian/subscriptions","organizations_url":"https://api.github.com/users/Eurelian/orgs","repos_url":"https://api.github.com/users/Eurelian/repos","events_url":"https://api.github.com/users/Eurelian/events{/privacy}","received_events_url":"https://api.github.com/users/Eurelian/received_events","type":"User","site_admin":false,"name":"Octavian Sum","company":null,"blog":"sumoctavian.com","location":"Lörrach, Germany","email":null,"hireable":null,"bio":"Organized and insightful Web Developer with sharp focus on the digital customer's journey.","twitter_username":null,"public_repos":55,"public_gists":0,"followers":1,"following":3,"created_at":"2018-11-01T16:49:37Z","updated_at":"2023-09-19T20:13:01Z","private_gists":0,"total_private_repos":7,"owned_private_repos":7,"disk_usage":167226,"collaborators":0,"two_factor_authentication":false,"plan":{"name":"free","space":976562499,"collaborators":0,"private_repos":10000}}
[info] 
[info] +  Success! Logged into GitHub as Eurelian 
[info] 
